2023-05-01 19:32:25,528 [main] INFO  c.h.e.EmployeeappApplication - Starting EmployeeappApplication using Java 17.0.7 on Nitro5 with PID 18552 (E:\HDFC\CapstoneProject\EmployeeManagementSystem\employeeapp\bin\main started by londh in E:\HDFC\CapstoneProject\EmployeeManagementSystem\employeeapp)
2023-05-01 19:32:25,541 [main] INFO  c.h.e.EmployeeappApplication - No active profile set, falling back to 1 default profile: "default"
2023-05-01 19:32:26,386 [main] INFO  o.s.d.r.c.RepositoryConfigurationDelegate - Bootstrapping Spring Data JPA repositories in DEFAULT mode.
2023-05-01 19:32:26,474 [main] INFO  o.s.d.r.c.RepositoryConfigurationDelegate - Finished Spring Data repository scanning in 73 ms. Found 1 JPA repository interfaces.
2023-05-01 19:32:27,098 [main] INFO  o.s.b.w.e.tomcat.TomcatWebServer - Tomcat initialized with port(s): 8080 (https)
2023-05-01 19:32:27,111 [main] INFO  o.a.catalina.core.StandardService - Starting service [Tomcat]
2023-05-01 19:32:27,112 [main] INFO  o.a.catalina.core.StandardEngine - Starting Servlet engine: [Apache Tomcat/9.0.74]
2023-05-01 19:32:27,237 [main] INFO  o.a.c.c.C.[Tomcat].[localhost].[/] - Initializing Spring embedded WebApplicationContext
2023-05-01 19:32:27,238 [main] INFO  o.s.b.w.s.c.ServletWebServerApplicationContext - Root WebApplicationContext: initialization completed in 1624 ms
2023-05-01 19:32:27,412 [main] INFO  o.h.jpa.internal.util.LogHelper - HHH000204: Processing PersistenceUnitInfo [name: default]
2023-05-01 19:32:27,497 [main] INFO  org.hibernate.Version - HHH000412: Hibernate ORM core version 5.6.15.Final
2023-05-01 19:32:27,664 [main] INFO  o.h.annotations.common.Version - HCANN000001: Hibernate Commons Annotations {5.1.2.Final}
2023-05-01 19:32:27,825 [main] INFO  com.zaxxer.hikari.HikariDataSource - HikariPool-1 - Starting...
2023-05-01 19:32:28,318 [main] INFO  com.zaxxer.hikari.HikariDataSource - HikariPool-1 - Start completed.
2023-05-01 19:32:28,341 [main] INFO  org.hibernate.dialect.Dialect - HHH000400: Using dialect: org.hibernate.dialect.MySQL8Dialect
2023-05-01 19:32:28,989 [main] INFO  o.h.e.t.j.p.i.JtaPlatformInitiator - HHH000490: Using JtaPlatform implementation: [org.hibernate.engine.transaction.jta.platform.internal.NoJtaPlatform]
2023-05-01 19:32:28,999 [main] INFO  o.s.o.j.LocalContainerEntityManagerFactoryBean - Initialized JPA EntityManagerFactory for persistence unit 'default'
2023-05-01 19:32:29,322 [main] WARN  o.s.b.a.o.j.JpaBaseConfiguration$JpaWebConfiguration - spring.jpa.open-in-view is enabled by default. Therefore, database queries may be performed during view rendering. Explicitly configure spring.jpa.open-in-view to disable this warning
2023-05-01 19:32:30,422 [main] INFO  o.a.t.u.net.NioEndpoint.certificate - Connector [https-jsse-nio-8080], TLS virtual host [_default_], certificate type [UNDEFINED] configured from [file:/E:/HDFC/CapstoneProject/EmployeeManagementSystem/employeeapp/bin/main/HDFC_EMP.jks] using alias [HDFC_EMP] and with trust store [null]
2023-05-01 19:32:30,460 [main] INFO  o.s.b.w.e.tomcat.TomcatWebServer - Tomcat started on port(s): 8080 (https) with context path ''
2023-05-01 19:32:30,478 [main] INFO  c.h.e.EmployeeappApplication - Started EmployeeappApplication in 5.382 seconds (JVM running for 5.847)
2023-05-01 19:33:46,514 [https-jsse-nio-8080-exec-1] INFO  o.a.c.c.C.[Tomcat].[localhost].[/] - Initializing Spring DispatcherServlet 'dispatcherServlet'
2023-05-01 19:33:46,514 [https-jsse-nio-8080-exec-1] INFO  o.s.web.servlet.DispatcherServlet - Initializing Servlet 'dispatcherServlet'
2023-05-01 19:33:46,518 [https-jsse-nio-8080-exec-1] INFO  o.s.web.servlet.DispatcherServlet - Completed initialization in 3 ms
2023-05-01 19:33:47,097 [https-jsse-nio-8080-exec-5] INFO  o.s.api.AbstractOpenApiResource - Init duration for springdoc-openapi is: 408 ms
2023-05-01 19:34:00,733 [https-jsse-nio-8080-exec-9] INFO  c.h.e.c.EmployeeRestController - Getting EmployeeId 3210
2023-05-01 19:34:00,734 [https-jsse-nio-8080-exec-9] INFO  c.h.e.service.EmployeeServiceImp - Getting employee by id: 3210
2023-05-01 19:34:00,884 [https-jsse-nio-8080-exec-9] INFO  c.h.e.service.EmployeeServiceImp - Employee details - Employee Id: 3210, Employee Name: Aarav Sharma, Encrypted Date of Birth: yFDCZnVUIwG0zCUH4lE7Og==
2023-05-01 19:34:27,716 [https-jsse-nio-8080-exec-5] INFO  c.h.e.c.EmployeeRestController - Getting EmployeeId 3210
2023-05-01 19:34:27,717 [https-jsse-nio-8080-exec-5] INFO  c.h.e.service.EmployeeServiceImp - Getting employee by id: 3210
2023-05-01 19:34:27,724 [https-jsse-nio-8080-exec-5] INFO  c.h.e.service.EmployeeServiceImp - Employee details - Employee Id: 3210, Employee Name: Aarav Sharma, Encrypted Date of Birth: yFDCZnVUIwG0zCUH4lE7Og==
2023-05-01 19:34:48,355 [https-jsse-nio-8080-exec-6] INFO  c.h.e.c.EmployeeRestController - Getting EmployeeId 3210
2023-05-01 19:34:48,357 [https-jsse-nio-8080-exec-6] INFO  c.h.e.service.EmployeeServiceImp - Getting employee by id: 3210
2023-05-01 19:34:48,367 [https-jsse-nio-8080-exec-6] INFO  c.h.e.service.EmployeeServiceImp - Employee details - Employee Id: 3210, Employee Name: Aarav Sharma, Encrypted Date of Birth: yFDCZnVUIwG0zCUH4lE7Og==
2023-05-01 19:35:17,109 [https-jsse-nio-8080-exec-8] INFO  c.h.e.c.EmployeeRestController - Getting EmployeeId 3210
2023-05-01 19:35:17,110 [https-jsse-nio-8080-exec-8] INFO  c.h.e.service.EmployeeServiceImp - Getting employee by id: 3210
2023-05-01 19:35:17,134 [https-jsse-nio-8080-exec-8] INFO  c.h.e.service.EmployeeServiceImp - Employee details - Employee Id: 3210, Employee Name: Aarav Sharma, Encrypted Date of Birth: yFDCZnVUIwG0zCUH4lE7Og==
2023-05-01 19:35:41,404 [https-jsse-nio-8080-exec-9] INFO  c.h.e.c.EmployeeRestController - Getting EmployeeId 3210
2023-05-01 19:35:41,405 [https-jsse-nio-8080-exec-9] INFO  c.h.e.service.EmployeeServiceImp - Getting employee by id: 3210
2023-05-01 19:35:41,411 [https-jsse-nio-8080-exec-9] INFO  c.h.e.service.EmployeeServiceImp - Employee details - Employee Id: 3210, Employee Name: Aarav Sharma, Encrypted Date of Birth: yFDCZnVUIwG0zCUH4lE7Og==
2023-05-01 19:36:20,480 [https-jsse-nio-8080-exec-6] INFO  c.h.e.c.EmployeeRestController - Getting EmployeeId 3210
2023-05-01 19:36:20,481 [https-jsse-nio-8080-exec-6] INFO  c.h.e.service.EmployeeServiceImp - Getting employee by id: 3210
2023-05-01 19:36:20,486 [https-jsse-nio-8080-exec-6] INFO  c.h.e.service.EmployeeServiceImp - Employee details - Employee Id: 3210, Employee Name: Aarav Sharma, Encrypted Date of Birth: yFDCZnVUIwG0zCUH4lE7Og==
2023-05-01 19:36:27,697 [https-jsse-nio-8080-exec-1] INFO  c.h.e.c.EmployeeRestController - Getting EmployeeId 32100
2023-05-01 19:36:27,698 [https-jsse-nio-8080-exec-1] INFO  c.h.e.service.EmployeeServiceImp - Getting employee by id: 32100
2023-05-01 19:37:06,704 [https-jsse-nio-8080-exec-4] INFO  c.h.e.c.EmployeeRestController - Getting EmployeeId 3210
2023-05-01 19:37:06,705 [https-jsse-nio-8080-exec-4] INFO  c.h.e.service.EmployeeServiceImp - Getting employee by id: 3210
2023-05-01 19:37:06,714 [https-jsse-nio-8080-exec-4] INFO  c.h.e.service.EmployeeServiceImp - Employee details - Employee Id: 3210, Employee Name: Aarav Sharma, Encrypted Date of Birth: yFDCZnVUIwG0zCUH4lE7Og==
2023-05-01 19:37:10,408 [https-jsse-nio-8080-exec-10] INFO  c.h.e.c.EmployeeRestController - Getting EmployeeId 32100
2023-05-01 19:37:10,409 [https-jsse-nio-8080-exec-10] INFO  c.h.e.service.EmployeeServiceImp - Getting employee by id: 32100
2023-05-01 19:39:41,960 [https-jsse-nio-8080-exec-6] INFO  c.h.e.c.EmployeeRestController - Getting EmployeeId 32100
2023-05-01 19:39:41,961 [https-jsse-nio-8080-exec-6] INFO  c.h.e.service.EmployeeServiceImp - Getting employee by id: 32100
2023-05-01 19:43:37,312 [https-jsse-nio-8080-exec-8] INFO  c.h.e.c.EmployeeRestController - Getting EmployeeId 32100
2023-05-01 19:43:37,313 [https-jsse-nio-8080-exec-8] INFO  c.h.e.service.EmployeeServiceImp - Getting employee by id: 32100
2023-05-01 19:43:39,212 [https-jsse-nio-8080-exec-4] INFO  c.h.e.c.EmployeeRestController - Getting EmployeeId 32100
2023-05-01 19:43:39,213 [https-jsse-nio-8080-exec-4] INFO  c.h.e.service.EmployeeServiceImp - Getting employee by id: 32100
2023-05-01 19:43:41,150 [https-jsse-nio-8080-exec-2] INFO  c.h.e.c.EmployeeRestController - Getting EmployeeId 32100
2023-05-01 19:43:41,151 [https-jsse-nio-8080-exec-2] INFO  c.h.e.service.EmployeeServiceImp - Getting employee by id: 32100
2023-05-01 19:44:14,092 [https-jsse-nio-8080-exec-8] INFO  c.h.e.c.EmployeeRestController - Getting EmployeeId 32100
2023-05-01 19:44:14,093 [https-jsse-nio-8080-exec-8] INFO  c.h.e.service.EmployeeServiceImp - Getting employee by id: 32100
2023-05-01 19:44:15,245 [https-jsse-nio-8080-exec-9] INFO  c.h.e.c.EmployeeRestController - Getting EmployeeId 32100
2023-05-01 19:44:15,246 [https-jsse-nio-8080-exec-9] INFO  c.h.e.service.EmployeeServiceImp - Getting employee by id: 32100
2023-05-01 20:17:09,505 [Test worker] INFO  c.h.e.EmployeeappApplicationTests - Starting EmployeeappApplicationTests using Java 17.0.7 on Nitro5 with PID 18968 (started by londh in E:\HDFC\CapstoneProject\EmployeeManagementSystem\employeeapp)
2023-05-01 20:17:09,507 [Test worker] INFO  c.h.e.EmployeeappApplicationTests - No active profile set, falling back to 1 default profile: "default"
2023-05-01 20:17:10,345 [Test worker] INFO  o.s.d.r.c.RepositoryConfigurationDelegate - Bootstrapping Spring Data JPA repositories in DEFAULT mode.
2023-05-01 20:17:10,501 [Test worker] INFO  o.s.d.r.c.RepositoryConfigurationDelegate - Finished Spring Data repository scanning in 146 ms. Found 1 JPA repository interfaces.
2023-05-01 20:17:11,413 [Test worker] INFO  o.h.jpa.internal.util.LogHelper - HHH000204: Processing PersistenceUnitInfo [name: default]
2023-05-01 20:17:11,467 [Test worker] INFO  org.hibernate.Version - HHH000412: Hibernate ORM core version 5.6.15.Final
2023-05-01 20:17:11,666 [Test worker] INFO  o.h.annotations.common.Version - HCANN000001: Hibernate Commons Annotations {5.1.2.Final}
2023-05-01 20:17:11,810 [Test worker] INFO  com.zaxxer.hikari.HikariDataSource - HikariPool-1 - Starting...
2023-05-01 20:17:12,298 [Test worker] INFO  com.zaxxer.hikari.HikariDataSource - HikariPool-1 - Start completed.
2023-05-01 20:17:12,318 [Test worker] INFO  org.hibernate.dialect.Dialect - HHH000400: Using dialect: org.hibernate.dialect.MySQL8Dialect
2023-05-01 20:17:13,072 [Test worker] INFO  o.h.e.t.j.p.i.JtaPlatformInitiator - HHH000490: Using JtaPlatform implementation: [org.hibernate.engine.transaction.jta.platform.internal.NoJtaPlatform]
2023-05-01 20:17:13,087 [Test worker] INFO  o.s.o.j.LocalContainerEntityManagerFactoryBean - Initialized JPA EntityManagerFactory for persistence unit 'default'
2023-05-01 20:17:13,730 [Test worker] WARN  o.s.b.a.o.j.JpaBaseConfiguration$JpaWebConfiguration - spring.jpa.open-in-view is enabled by default. Therefore, database queries may be performed during view rendering. Explicitly configure spring.jpa.open-in-view to disable this warning
2023-05-01 20:17:15,336 [Test worker] INFO  c.h.e.EmployeeappApplicationTests - Started EmployeeappApplicationTests in 6.141 seconds (JVM running for 7.393)
2023-05-01 20:17:15,545 [Test worker] INFO  o.s.b.t.c.SpringBootTestContextBootstrapper - Neither @ContextConfiguration nor @ContextHierarchy found for test class [com.hdfc.employeeapp.EmployeeServiceTest.EmployeeServiceTest], using SpringBootContextLoader
2023-05-01 20:17:15,547 [Test worker] INFO  o.s.t.c.s.AbstractContextLoader - Could not detect default resource locations for test class [com.hdfc.employeeapp.EmployeeServiceTest.EmployeeServiceTest]: no resource found for suffixes {-context.xml, Context.groovy}.
2023-05-01 20:17:15,547 [Test worker] INFO  o.s.t.c.s.AnnotationConfigContextLoaderUtils - Could not detect default configuration classes for test class [com.hdfc.employeeapp.EmployeeServiceTest.EmployeeServiceTest]: EmployeeServiceTest does not declare any static, non-private, non-final, nested classes annotated with @Configuration.
2023-05-01 20:17:15,553 [Test worker] INFO  o.s.b.t.c.SpringBootTestContextBootstrapper - Found @SpringBootConfiguration com.hdfc.employeeapp.EmployeeappApplication for test class com.hdfc.employeeapp.EmployeeServiceTest.EmployeeServiceTest
2023-05-01 20:17:15,556 [Test worker] INFO  o.s.b.t.c.SpringBootTestContextBootstrapper - Loaded default TestExecutionListener class names from location [META-INF/spring.factories]: [org.springframework.boot.test.autoconfigure.restdocs.RestDocsTestExecutionListener, org.springframework.boot.test.autoconfigure.web.client.MockRestServiceServerResetTestExecutionListener, org.springframework.boot.test.autoconfigure.web.servlet.MockMvcPrintOnlyOnFailureTestExecutionListener, org.springframework.boot.test.autoconfigure.web.servlet.WebDriverTestExecutionListener, org.springframework.boot.test.autoconfigure.webservices.client.MockWebServiceServerTestExecutionListener, org.springframework.boot.test.mock.mockito.MockitoTestExecutionListener, org.springframework.boot.test.mock.mockito.ResetMocksTestExecutionListener, org.springframework.test.context.web.ServletTestExecutionListener, org.springframework.test.context.support.DirtiesContextBeforeModesTestExecutionListener, org.springframework.test.context.event.ApplicationEventsTestExecutionListener, org.springframework.test.context.support.DependencyInjectionTestExecutionListener, org.springframework.test.context.support.DirtiesContextTestExecutionListener, org.springframework.test.context.transaction.TransactionalTestExecutionListener, org.springframework.test.context.jdbc.SqlScriptsTestExecutionListener, org.springframework.test.context.event.EventPublishingTestExecutionListener]
2023-05-01 20:17:15,556 [Test worker] INFO  o.s.b.t.c.SpringBootTestContextBootstrapper - Using TestExecutionListeners: [org.springframework.test.context.web.ServletTestExecutionListener@969c2f9, org.springframework.test.context.support.DirtiesContextBeforeModesTestExecutionListener@7bbc11ed, org.springframework.test.context.event.ApplicationEventsTestExecutionListener@7d741200, org.springframework.boot.test.mock.mockito.MockitoTestExecutionListener@36e11b60, org.springframework.boot.test.autoconfigure.SpringBootDependencyInjectionTestExecutionListener@71d8794f, org.springframework.test.context.support.DirtiesContextTestExecutionListener@6af02de0, org.springframework.test.context.transaction.TransactionalTestExecutionListener@3749c6ac, org.springframework.test.context.jdbc.SqlScriptsTestExecutionListener@9cdf13e, org.springframework.test.context.event.EventPublishingTestExecutionListener@3bede349, org.springframework.boot.test.autoconfigure.restdocs.RestDocsTestExecutionListener@501956f9, org.springframework.boot.test.autoconfigure.web.client.MockRestServiceServerResetTestExecutionListener@299c86f0, org.springframework.boot.test.autoconfigure.web.servlet.MockMvcPrintOnlyOnFailureTestExecutionListener@4fbed6fc, org.springframework.boot.test.autoconfigure.web.servlet.WebDriverTestExecutionListener@1b1d93e9, org.springframework.boot.test.autoconfigure.webservices.client.MockWebServiceServerTestExecutionListener@129b0ed, org.springframework.boot.test.mock.mockito.ResetMocksTestExecutionListener@4ccf1d3e]
2023-05-01 20:17:15,562 [Test worker] INFO  c.h.e.service.EmployeeServiceImp - Getting employee by id: 3210
2023-05-01 20:17:15,635 [Test worker] INFO  c.h.e.service.EmployeeServiceImp - Employee details - Employee Id: 3210, Employee Name: Aarav Sharma, Encrypted Date of Birth: yFDCZnVUIwG0zCUH4lE7Og==
2023-05-01 20:17:15,660 [SpringApplicationShutdownHook] INFO  o.s.o.j.LocalContainerEntityManagerFactoryBean - Closing JPA EntityManagerFactory for persistence unit 'default'
2023-05-01 20:17:15,664 [SpringApplicationShutdownHook] INFO  com.zaxxer.hikari.HikariDataSource - HikariPool-1 - Shutdown initiated...
2023-05-01 20:17:15,683 [SpringApplicationShutdownHook] INFO  com.zaxxer.hikari.HikariDataSource - HikariPool-1 - Shutdown completed.
2023-05-01 20:17:49,099 [Test worker] INFO  c.h.e.EmployeeappApplicationTests - Starting EmployeeappApplicationTests using Java 17.0.7 on Nitro5 with PID 15804 (started by londh in E:\HDFC\CapstoneProject\EmployeeManagementSystem\employeeapp)
2023-05-01 20:17:49,100 [Test worker] INFO  c.h.e.EmployeeappApplicationTests - No active profile set, falling back to 1 default profile: "default"
2023-05-01 20:17:50,014 [Test worker] INFO  o.s.d.r.c.RepositoryConfigurationDelegate - Bootstrapping Spring Data JPA repositories in DEFAULT mode.
2023-05-01 20:17:50,167 [Test worker] INFO  o.s.d.r.c.RepositoryConfigurationDelegate - Finished Spring Data repository scanning in 141 ms. Found 1 JPA repository interfaces.
2023-05-01 20:17:50,784 [Test worker] INFO  o.h.jpa.internal.util.LogHelper - HHH000204: Processing PersistenceUnitInfo [name: default]
2023-05-01 20:17:50,852 [Test worker] INFO  org.hibernate.Version - HHH000412: Hibernate ORM core version 5.6.15.Final
2023-05-01 20:17:51,070 [Test worker] INFO  o.h.annotations.common.Version - HCANN000001: Hibernate Commons Annotations {5.1.2.Final}
2023-05-01 20:17:51,186 [Test worker] INFO  com.zaxxer.hikari.HikariDataSource - HikariPool-1 - Starting...
2023-05-01 20:17:51,606 [Test worker] INFO  com.zaxxer.hikari.HikariDataSource - HikariPool-1 - Start completed.
2023-05-01 20:17:51,622 [Test worker] INFO  org.hibernate.dialect.Dialect - HHH000400: Using dialect: org.hibernate.dialect.MySQL8Dialect
2023-05-01 20:17:52,281 [Test worker] INFO  o.h.e.t.j.p.i.JtaPlatformInitiator - HHH000490: Using JtaPlatform implementation: [org.hibernate.engine.transaction.jta.platform.internal.NoJtaPlatform]
2023-05-01 20:17:52,289 [Test worker] INFO  o.s.o.j.LocalContainerEntityManagerFactoryBean - Initialized JPA EntityManagerFactory for persistence unit 'default'
2023-05-01 20:17:53,058 [Test worker] WARN  o.s.b.a.o.j.JpaBaseConfiguration$JpaWebConfiguration - spring.jpa.open-in-view is enabled by default. Therefore, database queries may be performed during view rendering. Explicitly configure spring.jpa.open-in-view to disable this warning
2023-05-01 20:17:55,053 [Test worker] INFO  c.h.e.EmployeeappApplicationTests - Started EmployeeappApplicationTests in 6.397 seconds (JVM running for 7.652)
2023-05-01 20:17:55,312 [Test worker] INFO  o.s.b.t.c.SpringBootTestContextBootstrapper - Neither @ContextConfiguration nor @ContextHierarchy found for test class [com.hdfc.employeeapp.EmployeeServiceTest.EmployeeServiceTest], using SpringBootContextLoader
2023-05-01 20:17:55,314 [Test worker] INFO  o.s.t.c.s.AbstractContextLoader - Could not detect default resource locations for test class [com.hdfc.employeeapp.EmployeeServiceTest.EmployeeServiceTest]: no resource found for suffixes {-context.xml, Context.groovy}.
2023-05-01 20:17:55,314 [Test worker] INFO  o.s.t.c.s.AnnotationConfigContextLoaderUtils - Could not detect default configuration classes for test class [com.hdfc.employeeapp.EmployeeServiceTest.EmployeeServiceTest]: EmployeeServiceTest does not declare any static, non-private, non-final, nested classes annotated with @Configuration.
2023-05-01 20:17:55,324 [Test worker] INFO  o.s.b.t.c.SpringBootTestContextBootstrapper - Found @SpringBootConfiguration com.hdfc.employeeapp.EmployeeappApplication for test class com.hdfc.employeeapp.EmployeeServiceTest.EmployeeServiceTest
2023-05-01 20:17:55,326 [Test worker] INFO  o.s.b.t.c.SpringBootTestContextBootstrapper - Loaded default TestExecutionListener class names from location [META-INF/spring.factories]: [org.springframework.boot.test.autoconfigure.restdocs.RestDocsTestExecutionListener, org.springframework.boot.test.autoconfigure.web.client.MockRestServiceServerResetTestExecutionListener, org.springframework.boot.test.autoconfigure.web.servlet.MockMvcPrintOnlyOnFailureTestExecutionListener, org.springframework.boot.test.autoconfigure.web.servlet.WebDriverTestExecutionListener, org.springframework.boot.test.autoconfigure.webservices.client.MockWebServiceServerTestExecutionListener, org.springframework.boot.test.mock.mockito.MockitoTestExecutionListener, org.springframework.boot.test.mock.mockito.ResetMocksTestExecutionListener, org.springframework.test.context.web.ServletTestExecutionListener, org.springframework.test.context.support.DirtiesContextBeforeModesTestExecutionListener, org.springframework.test.context.event.ApplicationEventsTestExecutionListener, org.springframework.test.context.support.DependencyInjectionTestExecutionListener, org.springframework.test.context.support.DirtiesContextTestExecutionListener, org.springframework.test.context.transaction.TransactionalTestExecutionListener, org.springframework.test.context.jdbc.SqlScriptsTestExecutionListener, org.springframework.test.context.event.EventPublishingTestExecutionListener]
2023-05-01 20:17:55,327 [Test worker] INFO  o.s.b.t.c.SpringBootTestContextBootstrapper - Using TestExecutionListeners: [org.springframework.test.context.web.ServletTestExecutionListener@6347f9cc, org.springframework.test.context.support.DirtiesContextBeforeModesTestExecutionListener@268f126f, org.springframework.test.context.event.ApplicationEventsTestExecutionListener@467e7793, org.springframework.boot.test.mock.mockito.MockitoTestExecutionListener@3e8995cc, org.springframework.boot.test.autoconfigure.SpringBootDependencyInjectionTestExecutionListener@625c9248, org.springframework.test.context.support.DirtiesContextTestExecutionListener@3c1ef806, org.springframework.test.context.transaction.TransactionalTestExecutionListener@969c2f9, org.springframework.test.context.jdbc.SqlScriptsTestExecutionListener@7bbc11ed, org.springframework.test.context.event.EventPublishingTestExecutionListener@7d741200, org.springframework.boot.test.autoconfigure.restdocs.RestDocsTestExecutionListener@36e11b60, org.springframework.boot.test.autoconfigure.web.client.MockRestServiceServerResetTestExecutionListener@71d8794f, org.springframework.boot.test.autoconfigure.web.servlet.MockMvcPrintOnlyOnFailureTestExecutionListener@6af02de0, org.springframework.boot.test.autoconfigure.web.servlet.WebDriverTestExecutionListener@3749c6ac, org.springframework.boot.test.autoconfigure.webservices.client.MockWebServiceServerTestExecutionListener@9cdf13e, org.springframework.boot.test.mock.mockito.ResetMocksTestExecutionListener@3bede349]
2023-05-01 20:17:55,336 [Test worker] INFO  c.h.e.service.EmployeeServiceImp - Getting employee by id: 3210
2023-05-01 20:17:55,397 [Test worker] INFO  c.h.e.service.EmployeeServiceImp - Employee details - Employee Id: 3210, Employee Name: Aarav Sharma, Encrypted Date of Birth: yFDCZnVUIwG0zCUH4lE7Og==
2023-05-01 20:17:55,425 [SpringApplicationShutdownHook] INFO  o.s.o.j.LocalContainerEntityManagerFactoryBean - Closing JPA EntityManagerFactory for persistence unit 'default'
2023-05-01 20:17:55,429 [SpringApplicationShutdownHook] INFO  com.zaxxer.hikari.HikariDataSource - HikariPool-1 - Shutdown initiated...
2023-05-01 20:17:55,451 [SpringApplicationShutdownHook] INFO  com.zaxxer.hikari.HikariDataSource - HikariPool-1 - Shutdown completed.
2023-05-01 20:31:27,543 [Test worker] INFO  c.h.e.EmployeeappApplicationTests - Starting EmployeeappApplicationTests using Java 17.0.7 on Nitro5 with PID 13528 (started by londh in E:\HDFC\CapstoneProject\EmployeeManagementSystem\employeeapp)
2023-05-01 20:31:27,545 [Test worker] INFO  c.h.e.EmployeeappApplicationTests - No active profile set, falling back to 1 default profile: "default"
2023-05-01 20:31:28,369 [Test worker] INFO  o.s.d.r.c.RepositoryConfigurationDelegate - Bootstrapping Spring Data JPA repositories in DEFAULT mode.
2023-05-01 20:31:28,515 [Test worker] INFO  o.s.d.r.c.RepositoryConfigurationDelegate - Finished Spring Data repository scanning in 138 ms. Found 1 JPA repository interfaces.
2023-05-01 20:31:29,056 [Test worker] INFO  o.h.jpa.internal.util.LogHelper - HHH000204: Processing PersistenceUnitInfo [name: default]
2023-05-01 20:31:29,109 [Test worker] INFO  org.hibernate.Version - HHH000412: Hibernate ORM core version 5.6.15.Final
2023-05-01 20:31:29,286 [Test worker] INFO  o.h.annotations.common.Version - HCANN000001: Hibernate Commons Annotations {5.1.2.Final}
2023-05-01 20:31:29,402 [Test worker] INFO  com.zaxxer.hikari.HikariDataSource - HikariPool-1 - Starting...
2023-05-01 20:31:29,816 [Test worker] INFO  com.zaxxer.hikari.HikariDataSource - HikariPool-1 - Start completed.
2023-05-01 20:31:29,833 [Test worker] INFO  org.hibernate.dialect.Dialect - HHH000400: Using dialect: org.hibernate.dialect.MySQL8Dialect
2023-05-01 20:31:30,422 [Test worker] INFO  o.h.e.t.j.p.i.JtaPlatformInitiator - HHH000490: Using JtaPlatform implementation: [org.hibernate.engine.transaction.jta.platform.internal.NoJtaPlatform]
2023-05-01 20:31:30,431 [Test worker] INFO  o.s.o.j.LocalContainerEntityManagerFactoryBean - Initialized JPA EntityManagerFactory for persistence unit 'default'
2023-05-01 20:31:31,258 [Test worker] WARN  o.s.b.a.o.j.JpaBaseConfiguration$JpaWebConfiguration - spring.jpa.open-in-view is enabled by default. Therefore, database queries may be performed during view rendering. Explicitly configure spring.jpa.open-in-view to disable this warning
2023-05-01 20:31:32,896 [Test worker] INFO  c.h.e.EmployeeappApplicationTests - Started EmployeeappApplicationTests in 5.882 seconds (JVM running for 7.161)
2023-05-01 20:31:33,101 [Test worker] INFO  o.s.b.t.c.SpringBootTestContextBootstrapper - Neither @ContextConfiguration nor @ContextHierarchy found for test class [com.hdfc.employeeapp.EmployeeServiceTest.EmployeeServiceTest], using SpringBootContextLoader
2023-05-01 20:31:33,102 [Test worker] INFO  o.s.t.c.s.AbstractContextLoader - Could not detect default resource locations for test class [com.hdfc.employeeapp.EmployeeServiceTest.EmployeeServiceTest]: no resource found for suffixes {-context.xml, Context.groovy}.
2023-05-01 20:31:33,102 [Test worker] INFO  o.s.t.c.s.AnnotationConfigContextLoaderUtils - Could not detect default configuration classes for test class [com.hdfc.employeeapp.EmployeeServiceTest.EmployeeServiceTest]: EmployeeServiceTest does not declare any static, non-private, non-final, nested classes annotated with @Configuration.
2023-05-01 20:31:33,111 [Test worker] INFO  o.s.b.t.c.SpringBootTestContextBootstrapper - Found @SpringBootConfiguration com.hdfc.employeeapp.EmployeeappApplication for test class com.hdfc.employeeapp.EmployeeServiceTest.EmployeeServiceTest
2023-05-01 20:31:33,112 [Test worker] INFO  o.s.b.t.c.SpringBootTestContextBootstrapper - Loaded default TestExecutionListener class names from location [META-INF/spring.factories]: [org.springframework.boot.test.autoconfigure.restdocs.RestDocsTestExecutionListener, org.springframework.boot.test.autoconfigure.web.client.MockRestServiceServerResetTestExecutionListener, org.springframework.boot.test.autoconfigure.web.servlet.MockMvcPrintOnlyOnFailureTestExecutionListener, org.springframework.boot.test.autoconfigure.web.servlet.WebDriverTestExecutionListener, org.springframework.boot.test.autoconfigure.webservices.client.MockWebServiceServerTestExecutionListener, org.springframework.boot.test.mock.mockito.MockitoTestExecutionListener, org.springframework.boot.test.mock.mockito.ResetMocksTestExecutionListener, org.springframework.test.context.web.ServletTestExecutionListener, org.springframework.test.context.support.DirtiesContextBeforeModesTestExecutionListener, org.springframework.test.context.event.ApplicationEventsTestExecutionListener, org.springframework.test.context.support.DependencyInjectionTestExecutionListener, org.springframework.test.context.support.DirtiesContextTestExecutionListener, org.springframework.test.context.transaction.TransactionalTestExecutionListener, org.springframework.test.context.jdbc.SqlScriptsTestExecutionListener, org.springframework.test.context.event.EventPublishingTestExecutionListener]
2023-05-01 20:31:33,113 [Test worker] INFO  o.s.b.t.c.SpringBootTestContextBootstrapper - Using TestExecutionListeners: [org.springframework.test.context.web.ServletTestExecutionListener@15ade272, org.springframework.test.context.support.DirtiesContextBeforeModesTestExecutionListener@225890bc, org.springframework.test.context.event.ApplicationEventsTestExecutionListener@d426e01, org.springframework.boot.test.mock.mockito.MockitoTestExecutionListener@44b5b54, org.springframework.boot.test.autoconfigure.SpringBootDependencyInjectionTestExecutionListener@7e8f97dd, org.springframework.test.context.support.DirtiesContextTestExecutionListener@183435c0, org.springframework.test.context.transaction.TransactionalTestExecutionListener@69862a1, org.springframework.test.context.jdbc.SqlScriptsTestExecutionListener@585718dd, org.springframework.test.context.event.EventPublishingTestExecutionListener@5a644d75, org.springframework.boot.test.autoconfigure.restdocs.RestDocsTestExecutionListener@6347f9cc, org.springframework.boot.test.autoconfigure.web.client.MockRestServiceServerResetTestExecutionListener@268f126f, org.springframework.boot.test.autoconfigure.web.servlet.MockMvcPrintOnlyOnFailureTestExecutionListener@467e7793, org.springframework.boot.test.autoconfigure.web.servlet.WebDriverTestExecutionListener@3e8995cc, org.springframework.boot.test.autoconfigure.webservices.client.MockWebServiceServerTestExecutionListener@625c9248, org.springframework.boot.test.mock.mockito.ResetMocksTestExecutionListener@3c1ef806]
2023-05-01 20:31:33,121 [Test worker] INFO  c.h.e.service.EmployeeServiceImp - Getting employee by id: 3210
2023-05-01 20:31:33,187 [Test worker] INFO  c.h.e.service.EmployeeServiceImp - Employee details - Employee Id: 3210, Employee Name: Aarav Sharma, Encrypted Date of Birth: yFDCZnVUIwG0zCUH4lE7Og==
2023-05-01 20:31:33,208 [SpringApplicationShutdownHook] INFO  o.s.o.j.LocalContainerEntityManagerFactoryBean - Closing JPA EntityManagerFactory for persistence unit 'default'
2023-05-01 20:31:33,211 [SpringApplicationShutdownHook] INFO  com.zaxxer.hikari.HikariDataSource - HikariPool-1 - Shutdown initiated...
2023-05-01 20:31:33,223 [SpringApplicationShutdownHook] INFO  com.zaxxer.hikari.HikariDataSource - HikariPool-1 - Shutdown completed.
2023-05-01 20:33:33,188 [Test worker] INFO  c.h.e.EmployeeappApplicationTests - Starting EmployeeappApplicationTests using Java 17.0.7 on Nitro5 with PID 17340 (started by londh in E:\HDFC\CapstoneProject\EmployeeManagementSystem\employeeapp)
2023-05-01 20:33:33,189 [Test worker] INFO  c.h.e.EmployeeappApplicationTests - No active profile set, falling back to 1 default profile: "default"
2023-05-01 20:33:34,151 [Test worker] INFO  o.s.d.r.c.RepositoryConfigurationDelegate - Bootstrapping Spring Data JPA repositories in DEFAULT mode.
2023-05-01 20:33:34,489 [Test worker] INFO  o.s.d.r.c.RepositoryConfigurationDelegate - Finished Spring Data repository scanning in 295 ms. Found 1 JPA repository interfaces.
2023-05-01 20:33:35,204 [Test worker] INFO  o.h.jpa.internal.util.LogHelper - HHH000204: Processing PersistenceUnitInfo [name: default]
2023-05-01 20:33:35,264 [Test worker] INFO  org.hibernate.Version - HHH000412: Hibernate ORM core version 5.6.15.Final
2023-05-01 20:33:35,437 [Test worker] INFO  o.h.annotations.common.Version - HCANN000001: Hibernate Commons Annotations {5.1.2.Final}
2023-05-01 20:33:35,568 [Test worker] INFO  com.zaxxer.hikari.HikariDataSource - HikariPool-1 - Starting...
2023-05-01 20:33:36,203 [Test worker] INFO  com.zaxxer.hikari.HikariDataSource - HikariPool-1 - Start completed.
2023-05-01 20:33:36,228 [Test worker] INFO  org.hibernate.dialect.Dialect - HHH000400: Using dialect: org.hibernate.dialect.MySQL8Dialect
2023-05-01 20:33:37,048 [Test worker] INFO  o.h.e.t.j.p.i.JtaPlatformInitiator - HHH000490: Using JtaPlatform implementation: [org.hibernate.engine.transaction.jta.platform.internal.NoJtaPlatform]
2023-05-01 20:33:37,060 [Test worker] INFO  o.s.o.j.LocalContainerEntityManagerFactoryBean - Initialized JPA EntityManagerFactory for persistence unit 'default'
2023-05-01 20:33:37,718 [Test worker] WARN  o.s.b.a.o.j.JpaBaseConfiguration$JpaWebConfiguration - spring.jpa.open-in-view is enabled by default. Therefore, database queries may be performed during view rendering. Explicitly configure spring.jpa.open-in-view to disable this warning
2023-05-01 20:33:39,790 [Test worker] INFO  c.h.e.EmployeeappApplicationTests - Started EmployeeappApplicationTests in 6.884 seconds (JVM running for 8.386)
2023-05-01 20:33:40,045 [Test worker] INFO  o.s.b.t.c.SpringBootTestContextBootstrapper - Neither @ContextConfiguration nor @ContextHierarchy found for test class [com.hdfc.employeeapp.EmployeeServiceTest.EmployeeServiceTest], using SpringBootContextLoader
2023-05-01 20:33:40,046 [Test worker] INFO  o.s.t.c.s.AbstractContextLoader - Could not detect default resource locations for test class [com.hdfc.employeeapp.EmployeeServiceTest.EmployeeServiceTest]: no resource found for suffixes {-context.xml, Context.groovy}.
2023-05-01 20:33:40,047 [Test worker] INFO  o.s.t.c.s.AnnotationConfigContextLoaderUtils - Could not detect default configuration classes for test class [com.hdfc.employeeapp.EmployeeServiceTest.EmployeeServiceTest]: EmployeeServiceTest does not declare any static, non-private, non-final, nested classes annotated with @Configuration.
2023-05-01 20:33:40,123 [Test worker] INFO  o.s.b.t.c.SpringBootTestContextBootstrapper - Found @SpringBootConfiguration com.hdfc.employeeapp.EmployeeappApplication for test class com.hdfc.employeeapp.EmployeeServiceTest.EmployeeServiceTest
2023-05-01 20:33:40,125 [Test worker] INFO  o.s.b.t.c.SpringBootTestContextBootstrapper - Loaded default TestExecutionListener class names from location [META-INF/spring.factories]: [org.springframework.boot.test.autoconfigure.restdocs.RestDocsTestExecutionListener, org.springframework.boot.test.autoconfigure.web.client.MockRestServiceServerResetTestExecutionListener, org.springframework.boot.test.autoconfigure.web.servlet.MockMvcPrintOnlyOnFailureTestExecutionListener, org.springframework.boot.test.autoconfigure.web.servlet.WebDriverTestExecutionListener, org.springframework.boot.test.autoconfigure.webservices.client.MockWebServiceServerTestExecutionListener, org.springframework.boot.test.mock.mockito.MockitoTestExecutionListener, org.springframework.boot.test.mock.mockito.ResetMocksTestExecutionListener, org.springframework.test.context.web.ServletTestExecutionListener, org.springframework.test.context.support.DirtiesContextBeforeModesTestExecutionListener, org.springframework.test.context.event.ApplicationEventsTestExecutionListener, org.springframework.test.context.support.DependencyInjectionTestExecutionListener, org.springframework.test.context.support.DirtiesContextTestExecutionListener, org.springframework.test.context.transaction.TransactionalTestExecutionListener, org.springframework.test.context.jdbc.SqlScriptsTestExecutionListener, org.springframework.test.context.event.EventPublishingTestExecutionListener]
2023-05-01 20:33:40,126 [Test worker] INFO  o.s.b.t.c.SpringBootTestContextBootstrapper - Using TestExecutionListeners: [org.springframework.test.context.web.ServletTestExecutionListener@5a644d75, org.springframework.test.context.support.DirtiesContextBeforeModesTestExecutionListener@6347f9cc, org.springframework.test.context.event.ApplicationEventsTestExecutionListener@268f126f, org.springframework.boot.test.mock.mockito.MockitoTestExecutionListener@467e7793, org.springframework.boot.test.autoconfigure.SpringBootDependencyInjectionTestExecutionListener@3e8995cc, org.springframework.test.context.support.DirtiesContextTestExecutionListener@625c9248, org.springframework.test.context.transaction.TransactionalTestExecutionListener@3c1ef806, org.springframework.test.context.jdbc.SqlScriptsTestExecutionListener@969c2f9, org.springframework.test.context.event.EventPublishingTestExecutionListener@7bbc11ed, org.springframework.boot.test.autoconfigure.restdocs.RestDocsTestExecutionListener@7d741200, org.springframework.boot.test.autoconfigure.web.client.MockRestServiceServerResetTestExecutionListener@36e11b60, org.springframework.boot.test.autoconfigure.web.servlet.MockMvcPrintOnlyOnFailureTestExecutionListener@71d8794f, org.springframework.boot.test.autoconfigure.web.servlet.WebDriverTestExecutionListener@6af02de0, org.springframework.boot.test.autoconfigure.webservices.client.MockWebServiceServerTestExecutionListener@3749c6ac, org.springframework.boot.test.mock.mockito.ResetMocksTestExecutionListener@9cdf13e]
2023-05-01 20:33:40,131 [Test worker] INFO  c.h.e.service.EmployeeServiceImp - Getting employee by id: 3210
2023-05-01 20:33:40,192 [Test worker] INFO  c.h.e.service.EmployeeServiceImp - Employee details - Employee Id: 3210, Employee Name: Aarav Sharma, Encrypted Date of Birth: yFDCZnVUIwG0zCUH4lE7Og==
2023-05-01 20:33:40,208 [SpringApplicationShutdownHook] INFO  o.s.o.j.LocalContainerEntityManagerFactoryBean - Closing JPA EntityManagerFactory for persistence unit 'default'
2023-05-01 20:33:40,210 [SpringApplicationShutdownHook] INFO  com.zaxxer.hikari.HikariDataSource - HikariPool-1 - Shutdown initiated...
2023-05-01 20:33:40,222 [SpringApplicationShutdownHook] INFO  com.zaxxer.hikari.HikariDataSource - HikariPool-1 - Shutdown completed.
2023-05-01 20:42:51,198 [main] INFO  c.h.e.EmployeeappApplication - Starting EmployeeappApplication using Java 17.0.7 on Nitro5 with PID 18256 (E:\HDFC\CapstoneProject\EmployeeManagementSystem\employeeapp\bin\main started by londh in E:\HDFC\CapstoneProject\EmployeeManagementSystem\employeeapp)
2023-05-01 20:42:51,303 [main] INFO  c.h.e.EmployeeappApplication - No active profile set, falling back to 1 default profile: "default"
2023-05-01 20:42:52,671 [main] INFO  o.s.d.r.c.RepositoryConfigurationDelegate - Bootstrapping Spring Data JPA repositories in DEFAULT mode.
2023-05-01 20:42:52,781 [main] INFO  o.s.d.r.c.RepositoryConfigurationDelegate - Finished Spring Data repository scanning in 95 ms. Found 1 JPA repository interfaces.
2023-05-01 20:42:54,161 [main] INFO  o.s.b.w.e.tomcat.TomcatWebServer - Tomcat initialized with port(s): 8080 (https)
2023-05-01 20:42:54,182 [main] INFO  o.a.catalina.core.StandardService - Starting service [Tomcat]
2023-05-01 20:42:54,183 [main] INFO  o.a.catalina.core.StandardEngine - Starting Servlet engine: [Apache Tomcat/9.0.74]
2023-05-01 20:42:54,376 [main] INFO  o.a.c.c.C.[Tomcat].[localhost].[/] - Initializing Spring embedded WebApplicationContext
2023-05-01 20:42:54,376 [main] INFO  o.s.b.w.s.c.ServletWebServerApplicationContext - Root WebApplicationContext: initialization completed in 2976 ms
2023-05-01 20:42:54,639 [main] INFO  o.h.jpa.internal.util.LogHelper - HHH000204: Processing PersistenceUnitInfo [name: default]
2023-05-01 20:42:54,719 [main] INFO  org.hibernate.Version - HHH000412: Hibernate ORM core version 5.6.15.Final
2023-05-01 20:42:54,938 [main] INFO  o.h.annotations.common.Version - HCANN000001: Hibernate Commons Annotations {5.1.2.Final}
2023-05-01 20:42:55,120 [main] INFO  com.zaxxer.hikari.HikariDataSource - HikariPool-1 - Starting...
2023-05-01 20:42:55,543 [main] INFO  com.zaxxer.hikari.HikariDataSource - HikariPool-1 - Start completed.
2023-05-01 20:42:55,565 [main] INFO  org.hibernate.dialect.Dialect - HHH000400: Using dialect: org.hibernate.dialect.MySQL8Dialect
2023-05-01 20:42:56,522 [main] INFO  o.h.e.t.j.p.i.JtaPlatformInitiator - HHH000490: Using JtaPlatform implementation: [org.hibernate.engine.transaction.jta.platform.internal.NoJtaPlatform]
2023-05-01 20:42:56,548 [main] INFO  o.s.o.j.LocalContainerEntityManagerFactoryBean - Initialized JPA EntityManagerFactory for persistence unit 'default'
2023-05-01 20:42:57,686 [main] WARN  o.s.b.a.o.j.JpaBaseConfiguration$JpaWebConfiguration - spring.jpa.open-in-view is enabled by default. Therefore, database queries may be performed during view rendering. Explicitly configure spring.jpa.open-in-view to disable this warning
2023-05-01 20:42:59,644 [main] INFO  o.a.t.u.net.NioEndpoint.certificate - Connector [https-jsse-nio-8080], TLS virtual host [_default_], certificate type [UNDEFINED] configured from [file:/E:/HDFC/CapstoneProject/EmployeeManagementSystem/employeeapp/bin/main/HDFC_EMP.jks] using alias [HDFC_EMP] and with trust store [null]
2023-05-01 20:42:59,683 [main] INFO  o.s.b.w.e.tomcat.TomcatWebServer - Tomcat started on port(s): 8080 (https) with context path ''
2023-05-01 20:42:59,706 [main] INFO  c.h.e.EmployeeappApplication - Started EmployeeappApplication in 9.246 seconds (JVM running for 9.861)
2023-05-01 20:43:12,853 [https-jsse-nio-8080-exec-5] INFO  o.a.c.c.C.[Tomcat].[localhost].[/] - Initializing Spring DispatcherServlet 'dispatcherServlet'
2023-05-01 20:43:12,853 [https-jsse-nio-8080-exec-5] INFO  o.s.web.servlet.DispatcherServlet - Initializing Servlet 'dispatcherServlet'
2023-05-01 20:43:12,855 [https-jsse-nio-8080-exec-5] INFO  o.s.web.servlet.DispatcherServlet - Completed initialization in 2 ms
2023-05-01 20:43:13,509 [https-jsse-nio-8080-exec-2] INFO  o.s.api.AbstractOpenApiResource - Init duration for springdoc-openapi is: 364 ms
2023-05-01 20:43:27,740 [https-jsse-nio-8080-exec-3] INFO  c.h.e.c.EmployeeRestController - Getting EmployeeId 3210
2023-05-01 20:43:27,741 [https-jsse-nio-8080-exec-3] INFO  c.h.e.service.EmployeeServiceImp - Getting employee by id: 3210
2023-05-01 20:43:27,824 [https-jsse-nio-8080-exec-3] INFO  c.h.e.service.EmployeeServiceImp - Employee details - Employee Id: 3210, Employee Name: Aarav Sharma, Encrypted Date of Birth: yFDCZnVUIwG0zCUH4lE7Og==
2023-05-01 20:43:41,535 [https-jsse-nio-8080-exec-6] INFO  c.h.e.c.EmployeeRestController - Getting EmployeeId 3210
2023-05-01 20:43:41,535 [https-jsse-nio-8080-exec-6] INFO  c.h.e.service.EmployeeServiceImp - Getting employee by id: 3210
2023-05-01 20:43:41,542 [https-jsse-nio-8080-exec-6] INFO  c.h.e.service.EmployeeServiceImp - Employee details - Employee Id: 3210, Employee Name: Aarav Sharma, Encrypted Date of Birth: yFDCZnVUIwG0zCUH4lE7Og==
2023-05-01 20:44:47,138 [https-jsse-nio-8080-exec-10] INFO  c.h.e.c.EmployeeRestController - Getting EmployeeId 3210
2023-05-01 20:44:47,139 [https-jsse-nio-8080-exec-10] INFO  c.h.e.service.EmployeeServiceImp - Getting employee by id: 3210
2023-05-01 20:44:47,145 [https-jsse-nio-8080-exec-10] INFO  c.h.e.service.EmployeeServiceImp - Employee details - Employee Id: 3210, Employee Name: Aarav Sharma, Encrypted Date of Birth: yFDCZnVUIwG0zCUH4lE7Og==
2023-05-01 20:45:06,167 [https-jsse-nio-8080-exec-1] INFO  c.h.e.c.EmployeeRestController - Getting EmployeeId 3120
2023-05-01 20:45:06,167 [https-jsse-nio-8080-exec-1] INFO  c.h.e.service.EmployeeServiceImp - Getting employee by id: 3120
2023-05-01 20:45:16,707 [https-jsse-nio-8080-exec-6] INFO  c.h.e.c.EmployeeRestController - Getting EmployeeId 3210
2023-05-01 20:45:16,707 [https-jsse-nio-8080-exec-6] INFO  c.h.e.service.EmployeeServiceImp - Getting employee by id: 3210
2023-05-01 20:45:16,720 [https-jsse-nio-8080-exec-6] INFO  c.h.e.service.EmployeeServiceImp - Employee details - Employee Id: 3210, Employee Name: Aarav Sharma, Encrypted Date of Birth: yFDCZnVUIwG0zCUH4lE7Og==
2023-05-01 20:45:25,359 [https-jsse-nio-8080-exec-2] INFO  c.h.e.c.EmployeeRestController - Getting EmployeeId 3215
2023-05-01 20:45:25,359 [https-jsse-nio-8080-exec-2] INFO  c.h.e.service.EmployeeServiceImp - Getting employee by id: 3215
2023-05-01 20:45:25,368 [https-jsse-nio-8080-exec-2] INFO  c.h.e.service.EmployeeServiceImp - Employee details - Employee Id: 3215, Employee Name: Anaya Kapoor, Encrypted Date of Birth: cJBQPeXztiMEpyOWTfvHyA==
2023-05-01 20:45:32,694 [https-jsse-nio-8080-exec-8] INFO  c.h.e.c.EmployeeRestController - Getting EmployeeId 32150
2023-05-01 20:45:32,695 [https-jsse-nio-8080-exec-8] INFO  c.h.e.service.EmployeeServiceImp - Getting employee by id: 32150
2023-05-01 20:52:17,314 [Test worker] INFO  c.h.e.EmployeeappApplicationTests - Starting EmployeeappApplicationTests using Java 17.0.7 on Nitro5 with PID 6300 (started by londh in E:\HDFC\CapstoneProject\EmployeeManagementSystem\employeeapp)
2023-05-01 20:52:17,317 [Test worker] INFO  c.h.e.EmployeeappApplicationTests - No active profile set, falling back to 1 default profile: "default"
2023-05-01 20:52:18,235 [Test worker] INFO  o.s.d.r.c.RepositoryConfigurationDelegate - Bootstrapping Spring Data JPA repositories in DEFAULT mode.
2023-05-01 20:52:18,407 [Test worker] INFO  o.s.d.r.c.RepositoryConfigurationDelegate - Finished Spring Data repository scanning in 162 ms. Found 1 JPA repository interfaces.
2023-05-01 20:52:18,942 [Test worker] INFO  o.h.jpa.internal.util.LogHelper - HHH000204: Processing PersistenceUnitInfo [name: default]
2023-05-01 20:52:18,987 [Test worker] INFO  org.hibernate.Version - HHH000412: Hibernate ORM core version 5.6.15.Final
2023-05-01 20:52:19,148 [Test worker] INFO  o.h.annotations.common.Version - HCANN000001: Hibernate Commons Annotations {5.1.2.Final}
2023-05-01 20:52:19,253 [Test worker] INFO  com.zaxxer.hikari.HikariDataSource - HikariPool-1 - Starting...
2023-05-01 20:52:19,611 [Test worker] INFO  com.zaxxer.hikari.HikariDataSource - HikariPool-1 - Start completed.
2023-05-01 20:52:19,627 [Test worker] INFO  org.hibernate.dialect.Dialect - HHH000400: Using dialect: org.hibernate.dialect.MySQL8Dialect
2023-05-01 20:52:20,227 [Test worker] INFO  o.h.e.t.j.p.i.JtaPlatformInitiator - HHH000490: Using JtaPlatform implementation: [org.hibernate.engine.transaction.jta.platform.internal.NoJtaPlatform]
2023-05-01 20:52:20,239 [Test worker] INFO  o.s.o.j.LocalContainerEntityManagerFactoryBean - Initialized JPA EntityManagerFactory for persistence unit 'default'
2023-05-01 20:52:20,843 [Test worker] WARN  o.s.b.a.o.j.JpaBaseConfiguration$JpaWebConfiguration - spring.jpa.open-in-view is enabled by default. Therefore, database queries may be performed during view rendering. Explicitly configure spring.jpa.open-in-view to disable this warning
2023-05-01 20:52:22,368 [Test worker] INFO  c.h.e.EmployeeappApplicationTests - Started EmployeeappApplicationTests in 5.451 seconds (JVM running for 6.727)
2023-05-01 20:52:22,572 [Test worker] INFO  o.s.b.t.c.SpringBootTestContextBootstrapper - Neither @ContextConfiguration nor @ContextHierarchy found for test class [com.hdfc.employeeapp.EmployeeServiceTest.EmployeeServiceTest], using SpringBootContextLoader
2023-05-01 20:52:22,573 [Test worker] INFO  o.s.t.c.s.AbstractContextLoader - Could not detect default resource locations for test class [com.hdfc.employeeapp.EmployeeServiceTest.EmployeeServiceTest]: no resource found for suffixes {-context.xml, Context.groovy}.
2023-05-01 20:52:22,573 [Test worker] INFO  o.s.t.c.s.AnnotationConfigContextLoaderUtils - Could not detect default configuration classes for test class [com.hdfc.employeeapp.EmployeeServiceTest.EmployeeServiceTest]: EmployeeServiceTest does not declare any static, non-private, non-final, nested classes annotated with @Configuration.
2023-05-01 20:52:22,580 [Test worker] INFO  o.s.b.t.c.SpringBootTestContextBootstrapper - Found @SpringBootConfiguration com.hdfc.employeeapp.EmployeeappApplication for test class com.hdfc.employeeapp.EmployeeServiceTest.EmployeeServiceTest
2023-05-01 20:52:22,582 [Test worker] INFO  o.s.b.t.c.SpringBootTestContextBootstrapper - Loaded default TestExecutionListener class names from location [META-INF/spring.factories]: [org.springframework.boot.test.autoconfigure.restdocs.RestDocsTestExecutionListener, org.springframework.boot.test.autoconfigure.web.client.MockRestServiceServerResetTestExecutionListener, org.springframework.boot.test.autoconfigure.web.servlet.MockMvcPrintOnlyOnFailureTestExecutionListener, org.springframework.boot.test.autoconfigure.web.servlet.WebDriverTestExecutionListener, org.springframework.boot.test.autoconfigure.webservices.client.MockWebServiceServerTestExecutionListener, org.springframework.boot.test.mock.mockito.MockitoTestExecutionListener, org.springframework.boot.test.mock.mockito.ResetMocksTestExecutionListener, org.springframework.test.context.web.ServletTestExecutionListener, org.springframework.test.context.support.DirtiesContextBeforeModesTestExecutionListener, org.springframework.test.context.event.ApplicationEventsTestExecutionListener, org.springframework.test.context.support.DependencyInjectionTestExecutionListener, org.springframework.test.context.support.DirtiesContextTestExecutionListener, org.springframework.test.context.transaction.TransactionalTestExecutionListener, org.springframework.test.context.jdbc.SqlScriptsTestExecutionListener, org.springframework.test.context.event.EventPublishingTestExecutionListener]
2023-05-01 20:52:22,582 [Test worker] INFO  o.s.b.t.c.SpringBootTestContextBootstrapper - Using TestExecutionListeners: [org.springframework.test.context.web.ServletTestExecutionListener@5a644d75, org.springframework.test.context.support.DirtiesContextBeforeModesTestExecutionListener@6347f9cc, org.springframework.test.context.event.ApplicationEventsTestExecutionListener@268f126f, org.springframework.boot.test.mock.mockito.MockitoTestExecutionListener@467e7793, org.springframework.boot.test.autoconfigure.SpringBootDependencyInjectionTestExecutionListener@3e8995cc, org.springframework.test.context.support.DirtiesContextTestExecutionListener@625c9248, org.springframework.test.context.transaction.TransactionalTestExecutionListener@3c1ef806, org.springframework.test.context.jdbc.SqlScriptsTestExecutionListener@969c2f9, org.springframework.test.context.event.EventPublishingTestExecutionListener@7bbc11ed, org.springframework.boot.test.autoconfigure.restdocs.RestDocsTestExecutionListener@7d741200, org.springframework.boot.test.autoconfigure.web.client.MockRestServiceServerResetTestExecutionListener@36e11b60, org.springframework.boot.test.autoconfigure.web.servlet.MockMvcPrintOnlyOnFailureTestExecutionListener@71d8794f, org.springframework.boot.test.autoconfigure.web.servlet.WebDriverTestExecutionListener@6af02de0, org.springframework.boot.test.autoconfigure.webservices.client.MockWebServiceServerTestExecutionListener@3749c6ac, org.springframework.boot.test.mock.mockito.ResetMocksTestExecutionListener@9cdf13e]
2023-05-01 20:52:22,588 [Test worker] INFO  c.h.e.service.EmployeeServiceImp - Getting employee by id: 3210
2023-05-01 20:52:22,642 [Test worker] INFO  c.h.e.service.EmployeeServiceImp - Employee details - Employee Id: 3210, Employee Name: Aarav Sharma, Encrypted Date of Birth: yFDCZnVUIwG0zCUH4lE7Og==
2023-05-01 20:52:22,666 [SpringApplicationShutdownHook] INFO  o.s.o.j.LocalContainerEntityManagerFactoryBean - Closing JPA EntityManagerFactory for persistence unit 'default'
2023-05-01 20:52:22,668 [SpringApplicationShutdownHook] INFO  com.zaxxer.hikari.HikariDataSource - HikariPool-1 - Shutdown initiated...
2023-05-01 20:52:22,686 [SpringApplicationShutdownHook] INFO  com.zaxxer.hikari.HikariDataSource - HikariPool-1 - Shutdown completed.
2023-05-01 20:54:01,193 [Test worker] INFO  c.h.e.EmployeeappApplicationTests - Starting EmployeeappApplicationTests using Java 17.0.7 on Nitro5 with PID 20536 (started by londh in E:\HDFC\CapstoneProject\EmployeeManagementSystem\employeeapp)
2023-05-01 20:54:01,195 [Test worker] INFO  c.h.e.EmployeeappApplicationTests - No active profile set, falling back to 1 default profile: "default"
2023-05-01 20:54:01,992 [Test worker] INFO  o.s.d.r.c.RepositoryConfigurationDelegate - Bootstrapping Spring Data JPA repositories in DEFAULT mode.
2023-05-01 20:54:02,173 [Test worker] INFO  o.s.d.r.c.RepositoryConfigurationDelegate - Finished Spring Data repository scanning in 173 ms. Found 1 JPA repository interfaces.
2023-05-01 20:54:02,705 [Test worker] INFO  o.h.jpa.internal.util.LogHelper - HHH000204: Processing PersistenceUnitInfo [name: default]
2023-05-01 20:54:02,780 [Test worker] INFO  org.hibernate.Version - HHH000412: Hibernate ORM core version 5.6.15.Final
2023-05-01 20:54:03,022 [Test worker] INFO  o.h.annotations.common.Version - HCANN000001: Hibernate Commons Annotations {5.1.2.Final}
2023-05-01 20:54:03,123 [Test worker] INFO  com.zaxxer.hikari.HikariDataSource - HikariPool-1 - Starting...
2023-05-01 20:54:03,534 [Test worker] INFO  com.zaxxer.hikari.HikariDataSource - HikariPool-1 - Start completed.
2023-05-01 20:54:03,549 [Test worker] INFO  org.hibernate.dialect.Dialect - HHH000400: Using dialect: org.hibernate.dialect.MySQL8Dialect
2023-05-01 20:54:04,197 [Test worker] INFO  o.h.e.t.j.p.i.JtaPlatformInitiator - HHH000490: Using JtaPlatform implementation: [org.hibernate.engine.transaction.jta.platform.internal.NoJtaPlatform]
2023-05-01 20:54:04,206 [Test worker] INFO  o.s.o.j.LocalContainerEntityManagerFactoryBean - Initialized JPA EntityManagerFactory for persistence unit 'default'
2023-05-01 20:54:04,737 [Test worker] WARN  o.s.b.a.o.j.JpaBaseConfiguration$JpaWebConfiguration - spring.jpa.open-in-view is enabled by default. Therefore, database queries may be performed during view rendering. Explicitly configure spring.jpa.open-in-view to disable this warning
2023-05-01 20:54:06,184 [Test worker] INFO  c.h.e.EmployeeappApplicationTests - Started EmployeeappApplicationTests in 5.42 seconds (JVM running for 6.866)
2023-05-01 20:54:06,430 [Test worker] INFO  o.s.b.t.c.SpringBootTestContextBootstrapper - Neither @ContextConfiguration nor @ContextHierarchy found for test class [com.hdfc.employeeapp.EmployeeServiceTest.EmployeeServiceTest], using SpringBootContextLoader
2023-05-01 20:54:06,431 [Test worker] INFO  o.s.t.c.s.AbstractContextLoader - Could not detect default resource locations for test class [com.hdfc.employeeapp.EmployeeServiceTest.EmployeeServiceTest]: no resource found for suffixes {-context.xml, Context.groovy}.
2023-05-01 20:54:06,432 [Test worker] INFO  o.s.t.c.s.AnnotationConfigContextLoaderUtils - Could not detect default configuration classes for test class [com.hdfc.employeeapp.EmployeeServiceTest.EmployeeServiceTest]: EmployeeServiceTest does not declare any static, non-private, non-final, nested classes annotated with @Configuration.
2023-05-01 20:54:06,442 [Test worker] INFO  o.s.b.t.c.SpringBootTestContextBootstrapper - Found @SpringBootConfiguration com.hdfc.employeeapp.EmployeeappApplication for test class com.hdfc.employeeapp.EmployeeServiceTest.EmployeeServiceTest
2023-05-01 20:54:06,444 [Test worker] INFO  o.s.b.t.c.SpringBootTestContextBootstrapper - Loaded default TestExecutionListener class names from location [META-INF/spring.factories]: [org.springframework.boot.test.autoconfigure.restdocs.RestDocsTestExecutionListener, org.springframework.boot.test.autoconfigure.web.client.MockRestServiceServerResetTestExecutionListener, org.springframework.boot.test.autoconfigure.web.servlet.MockMvcPrintOnlyOnFailureTestExecutionListener, org.springframework.boot.test.autoconfigure.web.servlet.WebDriverTestExecutionListener, org.springframework.boot.test.autoconfigure.webservices.client.MockWebServiceServerTestExecutionListener, org.springframework.boot.test.mock.mockito.MockitoTestExecutionListener, org.springframework.boot.test.mock.mockito.ResetMocksTestExecutionListener, org.springframework.test.context.web.ServletTestExecutionListener, org.springframework.test.context.support.DirtiesContextBeforeModesTestExecutionListener, org.springframework.test.context.event.ApplicationEventsTestExecutionListener, org.springframework.test.context.support.DependencyInjectionTestExecutionListener, org.springframework.test.context.support.DirtiesContextTestExecutionListener, org.springframework.test.context.transaction.TransactionalTestExecutionListener, org.springframework.test.context.jdbc.SqlScriptsTestExecutionListener, org.springframework.test.context.event.EventPublishingTestExecutionListener]
2023-05-01 20:54:06,445 [Test worker] INFO  o.s.b.t.c.SpringBootTestContextBootstrapper - Using TestExecutionListeners: [org.springframework.test.context.web.ServletTestExecutionListener@5a644d75, org.springframework.test.context.support.DirtiesContextBeforeModesTestExecutionListener@6347f9cc, org.springframework.test.context.event.ApplicationEventsTestExecutionListener@268f126f, org.springframework.boot.test.mock.mockito.MockitoTestExecutionListener@467e7793, org.springframework.boot.test.autoconfigure.SpringBootDependencyInjectionTestExecutionListener@3e8995cc, org.springframework.test.context.support.DirtiesContextTestExecutionListener@625c9248, org.springframework.test.context.transaction.TransactionalTestExecutionListener@3c1ef806, org.springframework.test.context.jdbc.SqlScriptsTestExecutionListener@969c2f9, org.springframework.test.context.event.EventPublishingTestExecutionListener@7bbc11ed, org.springframework.boot.test.autoconfigure.restdocs.RestDocsTestExecutionListener@7d741200, org.springframework.boot.test.autoconfigure.web.client.MockRestServiceServerResetTestExecutionListener@36e11b60, org.springframework.boot.test.autoconfigure.web.servlet.MockMvcPrintOnlyOnFailureTestExecutionListener@71d8794f, org.springframework.boot.test.autoconfigure.web.servlet.WebDriverTestExecutionListener@6af02de0, org.springframework.boot.test.autoconfigure.webservices.client.MockWebServiceServerTestExecutionListener@3749c6ac, org.springframework.boot.test.mock.mockito.ResetMocksTestExecutionListener@9cdf13e]
2023-05-01 20:54:06,454 [Test worker] INFO  c.h.e.service.EmployeeServiceImp - Getting employee by id: 3210
2023-05-01 20:54:06,520 [Test worker] INFO  c.h.e.service.EmployeeServiceImp - Employee details - Employee Id: 3210, Employee Name: Aarav Sharma, Encrypted Date of Birth: yFDCZnVUIwG0zCUH4lE7Og==
2023-05-01 20:54:06,533 [SpringApplicationShutdownHook] INFO  o.s.o.j.LocalContainerEntityManagerFactoryBean - Closing JPA EntityManagerFactory for persistence unit 'default'
2023-05-01 20:54:06,534 [SpringApplicationShutdownHook] INFO  com.zaxxer.hikari.HikariDataSource - HikariPool-1 - Shutdown initiated...
2023-05-01 20:54:06,544 [SpringApplicationShutdownHook] INFO  com.zaxxer.hikari.HikariDataSource - HikariPool-1 - Shutdown completed.
2023-05-01 20:59:57,569 [Test worker] INFO  c.h.e.EmployeeappApplicationTests - Starting EmployeeappApplicationTests using Java 17.0.7 on Nitro5 with PID 19252 (started by londh in E:\HDFC\CapstoneProject\EmployeeManagementSystem\employeeapp)
2023-05-01 20:59:57,573 [Test worker] INFO  c.h.e.EmployeeappApplicationTests - No active profile set, falling back to 1 default profile: "default"
2023-05-01 20:59:58,492 [Test worker] INFO  o.s.d.r.c.RepositoryConfigurationDelegate - Bootstrapping Spring Data JPA repositories in DEFAULT mode.
2023-05-01 20:59:58,687 [Test worker] INFO  o.s.d.r.c.RepositoryConfigurationDelegate - Finished Spring Data repository scanning in 184 ms. Found 1 JPA repository interfaces.
2023-05-01 20:59:59,361 [Test worker] INFO  o.h.jpa.internal.util.LogHelper - HHH000204: Processing PersistenceUnitInfo [name: default]
2023-05-01 20:59:59,457 [Test worker] INFO  org.hibernate.Version - HHH000412: Hibernate ORM core version 5.6.15.Final
2023-05-01 20:59:59,701 [Test worker] INFO  o.h.annotations.common.Version - HCANN000001: Hibernate Commons Annotations {5.1.2.Final}
2023-05-01 20:59:59,917 [Test worker] INFO  com.zaxxer.hikari.HikariDataSource - HikariPool-1 - Starting...
2023-05-01 21:00:00,774 [Test worker] INFO  com.zaxxer.hikari.HikariDataSource - HikariPool-1 - Start completed.
2023-05-01 21:00:00,796 [Test worker] INFO  org.hibernate.dialect.Dialect - HHH000400: Using dialect: org.hibernate.dialect.MySQL8Dialect
2023-05-01 21:00:01,667 [Test worker] INFO  o.h.e.t.j.p.i.JtaPlatformInitiator - HHH000490: Using JtaPlatform implementation: [org.hibernate.engine.transaction.jta.platform.internal.NoJtaPlatform]
2023-05-01 21:00:01,680 [Test worker] INFO  o.s.o.j.LocalContainerEntityManagerFactoryBean - Initialized JPA EntityManagerFactory for persistence unit 'default'
2023-05-01 21:00:02,736 [Test worker] WARN  o.s.b.a.o.j.JpaBaseConfiguration$JpaWebConfiguration - spring.jpa.open-in-view is enabled by default. Therefore, database queries may be performed during view rendering. Explicitly configure spring.jpa.open-in-view to disable this warning
2023-05-01 21:00:05,034 [Test worker] INFO  c.h.e.EmployeeappApplicationTests - Started EmployeeappApplicationTests in 7.878 seconds (JVM running for 9.906)
2023-05-01 21:00:06,260 [Test worker] INFO  o.s.b.t.c.SpringBootTestContextBootstrapper - Neither @ContextConfiguration nor @ContextHierarchy found for test class [com.hdfc.employeeapp.EmployeeServiceTest.EmployeeServiceTest], using SpringBootContextLoader
2023-05-01 21:00:06,262 [Test worker] INFO  o.s.t.c.s.AbstractContextLoader - Could not detect default resource locations for test class [com.hdfc.employeeapp.EmployeeServiceTest.EmployeeServiceTest]: no resource found for suffixes {-context.xml, Context.groovy}.
2023-05-01 21:00:06,262 [Test worker] INFO  o.s.t.c.s.AnnotationConfigContextLoaderUtils - Could not detect default configuration classes for test class [com.hdfc.employeeapp.EmployeeServiceTest.EmployeeServiceTest]: EmployeeServiceTest does not declare any static, non-private, non-final, nested classes annotated with @Configuration.
2023-05-01 21:00:06,276 [Test worker] INFO  o.s.b.t.c.SpringBootTestContextBootstrapper - Found @SpringBootConfiguration com.hdfc.employeeapp.EmployeeappApplication for test class com.hdfc.employeeapp.EmployeeServiceTest.EmployeeServiceTest
2023-05-01 21:00:06,279 [Test worker] INFO  o.s.b.t.c.SpringBootTestContextBootstrapper - Loaded default TestExecutionListener class names from location [META-INF/spring.factories]: [org.springframework.boot.test.autoconfigure.restdocs.RestDocsTestExecutionListener, org.springframework.boot.test.autoconfigure.web.client.MockRestServiceServerResetTestExecutionListener, org.springframework.boot.test.autoconfigure.web.servlet.MockMvcPrintOnlyOnFailureTestExecutionListener, org.springframework.boot.test.autoconfigure.web.servlet.WebDriverTestExecutionListener, org.springframework.boot.test.autoconfigure.webservices.client.MockWebServiceServerTestExecutionListener, org.springframework.boot.test.mock.mockito.MockitoTestExecutionListener, org.springframework.boot.test.mock.mockito.ResetMocksTestExecutionListener, org.springframework.test.context.web.ServletTestExecutionListener, org.springframework.test.context.support.DirtiesContextBeforeModesTestExecutionListener, org.springframework.test.context.event.ApplicationEventsTestExecutionListener, org.springframework.test.context.support.DependencyInjectionTestExecutionListener, org.springframework.test.context.support.DirtiesContextTestExecutionListener, org.springframework.test.context.transaction.TransactionalTestExecutionListener, org.springframework.test.context.jdbc.SqlScriptsTestExecutionListener, org.springframework.test.context.event.EventPublishingTestExecutionListener]
2023-05-01 21:00:06,279 [Test worker] INFO  o.s.b.t.c.SpringBootTestContextBootstrapper - Using TestExecutionListeners: [org.springframework.test.context.web.ServletTestExecutionListener@5a644d75, org.springframework.test.context.support.DirtiesContextBeforeModesTestExecutionListener@6347f9cc, org.springframework.test.context.event.ApplicationEventsTestExecutionListener@268f126f, org.springframework.boot.test.mock.mockito.MockitoTestExecutionListener@467e7793, org.springframework.boot.test.autoconfigure.SpringBootDependencyInjectionTestExecutionListener@3e8995cc, org.springframework.test.context.support.DirtiesContextTestExecutionListener@625c9248, org.springframework.test.context.transaction.TransactionalTestExecutionListener@3c1ef806, org.springframework.test.context.jdbc.SqlScriptsTestExecutionListener@969c2f9, org.springframework.test.context.event.EventPublishingTestExecutionListener@7bbc11ed, org.springframework.boot.test.autoconfigure.restdocs.RestDocsTestExecutionListener@7d741200, org.springframework.boot.test.autoconfigure.web.client.MockRestServiceServerResetTestExecutionListener@36e11b60, org.springframework.boot.test.autoconfigure.web.servlet.MockMvcPrintOnlyOnFailureTestExecutionListener@71d8794f, org.springframework.boot.test.autoconfigure.web.servlet.WebDriverTestExecutionListener@6af02de0, org.springframework.boot.test.autoconfigure.webservices.client.MockWebServiceServerTestExecutionListener@3749c6ac, org.springframework.boot.test.mock.mockito.ResetMocksTestExecutionListener@9cdf13e]
2023-05-01 21:00:06,291 [Test worker] INFO  c.h.e.service.EmployeeServiceImp - Getting employee by id: 3210
2023-05-01 21:00:06,593 [Test worker] INFO  c.h.e.service.EmployeeServiceImp - Employee details - Employee Id: 3210, Employee Name: Aarav Sharma, Encrypted Date of Birth: yFDCZnVUIwG0zCUH4lE7Og==
2023-05-01 21:00:06,676 [SpringApplicationShutdownHook] INFO  o.s.o.j.LocalContainerEntityManagerFactoryBean - Closing JPA EntityManagerFactory for persistence unit 'default'
2023-05-01 21:00:06,688 [SpringApplicationShutdownHook] INFO  com.zaxxer.hikari.HikariDataSource - HikariPool-1 - Shutdown initiated...
2023-05-01 21:00:06,740 [SpringApplicationShutdownHook] INFO  com.zaxxer.hikari.HikariDataSource - HikariPool-1 - Shutdown completed.
2023-05-01 21:20:52,405 [Test worker] INFO  c.h.e.EmployeeappApplicationTests - Starting EmployeeappApplicationTests using Java 17.0.7 on Nitro5 with PID 20660 (started by londh in E:\HDFC\CapstoneProject\EmployeeManagementSystem\employeeapp)
2023-05-01 21:20:52,406 [Test worker] INFO  c.h.e.EmployeeappApplicationTests - No active profile set, falling back to 1 default profile: "default"
2023-05-01 21:20:53,413 [Test worker] INFO  o.s.d.r.c.RepositoryConfigurationDelegate - Bootstrapping Spring Data JPA repositories in DEFAULT mode.
2023-05-01 21:20:53,630 [Test worker] INFO  o.s.d.r.c.RepositoryConfigurationDelegate - Finished Spring Data repository scanning in 206 ms. Found 1 JPA repository interfaces.
2023-05-01 21:20:54,305 [Test worker] INFO  o.h.jpa.internal.util.LogHelper - HHH000204: Processing PersistenceUnitInfo [name: default]
2023-05-01 21:20:54,376 [Test worker] INFO  org.hibernate.Version - HHH000412: Hibernate ORM core version 5.6.15.Final
2023-05-01 21:20:54,562 [Test worker] INFO  o.h.annotations.common.Version - HCANN000001: Hibernate Commons Annotations {5.1.2.Final}
2023-05-01 21:20:54,701 [Test worker] INFO  com.zaxxer.hikari.HikariDataSource - HikariPool-1 - Starting...
2023-05-01 21:20:55,249 [Test worker] INFO  com.zaxxer.hikari.HikariDataSource - HikariPool-1 - Start completed.
2023-05-01 21:20:55,267 [Test worker] INFO  org.hibernate.dialect.Dialect - HHH000400: Using dialect: org.hibernate.dialect.MySQL8Dialect
2023-05-01 21:20:55,955 [Test worker] INFO  o.h.e.t.j.p.i.JtaPlatformInitiator - HHH000490: Using JtaPlatform implementation: [org.hibernate.engine.transaction.jta.platform.internal.NoJtaPlatform]
2023-05-01 21:20:55,963 [Test worker] INFO  o.s.o.j.LocalContainerEntityManagerFactoryBean - Initialized JPA EntityManagerFactory for persistence unit 'default'
2023-05-01 21:20:56,796 [Test worker] WARN  o.s.b.a.o.j.JpaBaseConfiguration$JpaWebConfiguration - spring.jpa.open-in-view is enabled by default. Therefore, database queries may be performed during view rendering. Explicitly configure spring.jpa.open-in-view to disable this warning
2023-05-01 21:20:58,688 [Test worker] INFO  c.h.e.EmployeeappApplicationTests - Started EmployeeappApplicationTests in 6.654 seconds (JVM running for 8.898)
2023-05-01 21:20:58,956 [Test worker] INFO  o.s.b.t.c.SpringBootTestContextBootstrapper - Neither @ContextConfiguration nor @ContextHierarchy found for test class [com.hdfc.employeeapp.EmployeeServiceTest.EmployeeServiceTest], using SpringBootContextLoader
2023-05-01 21:20:58,958 [Test worker] INFO  o.s.t.c.s.AbstractContextLoader - Could not detect default resource locations for test class [com.hdfc.employeeapp.EmployeeServiceTest.EmployeeServiceTest]: no resource found for suffixes {-context.xml, Context.groovy}.
2023-05-01 21:20:58,958 [Test worker] INFO  o.s.t.c.s.AnnotationConfigContextLoaderUtils - Could not detect default configuration classes for test class [com.hdfc.employeeapp.EmployeeServiceTest.EmployeeServiceTest]: EmployeeServiceTest does not declare any static, non-private, non-final, nested classes annotated with @Configuration.
2023-05-01 21:20:58,965 [Test worker] INFO  o.s.b.t.c.SpringBootTestContextBootstrapper - Found @SpringBootConfiguration com.hdfc.employeeapp.EmployeeappApplication for test class com.hdfc.employeeapp.EmployeeServiceTest.EmployeeServiceTest
2023-05-01 21:20:58,968 [Test worker] INFO  o.s.b.t.c.SpringBootTestContextBootstrapper - Loaded default TestExecutionListener class names from location [META-INF/spring.factories]: [org.springframework.boot.test.autoconfigure.restdocs.RestDocsTestExecutionListener, org.springframework.boot.test.autoconfigure.web.client.MockRestServiceServerResetTestExecutionListener, org.springframework.boot.test.autoconfigure.web.servlet.MockMvcPrintOnlyOnFailureTestExecutionListener, org.springframework.boot.test.autoconfigure.web.servlet.WebDriverTestExecutionListener, org.springframework.boot.test.autoconfigure.webservices.client.MockWebServiceServerTestExecutionListener, org.springframework.boot.test.mock.mockito.MockitoTestExecutionListener, org.springframework.boot.test.mock.mockito.ResetMocksTestExecutionListener, org.springframework.test.context.web.ServletTestExecutionListener, org.springframework.test.context.support.DirtiesContextBeforeModesTestExecutionListener, org.springframework.test.context.event.ApplicationEventsTestExecutionListener, org.springframework.test.context.support.DependencyInjectionTestExecutionListener, org.springframework.test.context.support.DirtiesContextTestExecutionListener, org.springframework.test.context.transaction.TransactionalTestExecutionListener, org.springframework.test.context.jdbc.SqlScriptsTestExecutionListener, org.springframework.test.context.event.EventPublishingTestExecutionListener]
2023-05-01 21:20:58,968 [Test worker] INFO  o.s.b.t.c.SpringBootTestContextBootstrapper - Using TestExecutionListeners: [org.springframework.test.context.web.ServletTestExecutionListener@5a644d75, org.springframework.test.context.support.DirtiesContextBeforeModesTestExecutionListener@6347f9cc, org.springframework.test.context.event.ApplicationEventsTestExecutionListener@268f126f, org.springframework.boot.test.mock.mockito.MockitoTestExecutionListener@467e7793, org.springframework.boot.test.autoconfigure.SpringBootDependencyInjectionTestExecutionListener@3e8995cc, org.springframework.test.context.support.DirtiesContextTestExecutionListener@625c9248, org.springframework.test.context.transaction.TransactionalTestExecutionListener@3c1ef806, org.springframework.test.context.jdbc.SqlScriptsTestExecutionListener@969c2f9, org.springframework.test.context.event.EventPublishingTestExecutionListener@7bbc11ed, org.springframework.boot.test.autoconfigure.restdocs.RestDocsTestExecutionListener@7d741200, org.springframework.boot.test.autoconfigure.web.client.MockRestServiceServerResetTestExecutionListener@36e11b60, org.springframework.boot.test.autoconfigure.web.servlet.MockMvcPrintOnlyOnFailureTestExecutionListener@71d8794f, org.springframework.boot.test.autoconfigure.web.servlet.WebDriverTestExecutionListener@6af02de0, org.springframework.boot.test.autoconfigure.webservices.client.MockWebServiceServerTestExecutionListener@3749c6ac, org.springframework.boot.test.mock.mockito.ResetMocksTestExecutionListener@9cdf13e]
2023-05-01 21:20:58,975 [Test worker] INFO  c.h.e.service.EmployeeServiceImp - Getting employee by id: 3210
2023-05-01 21:20:59,059 [Test worker] INFO  c.h.e.service.EmployeeServiceImp - Employee details - Employee Id: 3210, Employee Name: Aarav Sharma, Encrypted Date of Birth: yFDCZnVUIwG0zCUH4lE7Og==
2023-05-01 21:20:59,082 [SpringApplicationShutdownHook] INFO  o.s.o.j.LocalContainerEntityManagerFactoryBean - Closing JPA EntityManagerFactory for persistence unit 'default'
2023-05-01 21:20:59,086 [SpringApplicationShutdownHook] INFO  com.zaxxer.hikari.HikariDataSource - HikariPool-1 - Shutdown initiated...
2023-05-01 21:20:59,102 [SpringApplicationShutdownHook] INFO  com.zaxxer.hikari.HikariDataSource - HikariPool-1 - Shutdown completed.
2023-05-01 21:24:42,796 [Test worker] INFO  c.h.e.EmployeeappApplicationTests - Starting EmployeeappApplicationTests using Java 17.0.7 on Nitro5 with PID 8636 (started by londh in E:\HDFC\CapstoneProject\EmployeeManagementSystem\employeeapp)
2023-05-01 21:24:42,798 [Test worker] INFO  c.h.e.EmployeeappApplicationTests - No active profile set, falling back to 1 default profile: "default"
2023-05-01 21:24:43,857 [Test worker] INFO  o.s.d.r.c.RepositoryConfigurationDelegate - Bootstrapping Spring Data JPA repositories in DEFAULT mode.
2023-05-01 21:24:44,134 [Test worker] INFO  o.s.d.r.c.RepositoryConfigurationDelegate - Finished Spring Data repository scanning in 264 ms. Found 1 JPA repository interfaces.
2023-05-01 21:24:44,949 [Test worker] INFO  o.h.jpa.internal.util.LogHelper - HHH000204: Processing PersistenceUnitInfo [name: default]
2023-05-01 21:24:45,029 [Test worker] INFO  org.hibernate.Version - HHH000412: Hibernate ORM core version 5.6.15.Final
2023-05-01 21:24:45,342 [Test worker] INFO  o.h.annotations.common.Version - HCANN000001: Hibernate Commons Annotations {5.1.2.Final}
2023-05-01 21:24:45,499 [Test worker] INFO  com.zaxxer.hikari.HikariDataSource - HikariPool-1 - Starting...
2023-05-01 21:24:45,851 [Test worker] INFO  com.zaxxer.hikari.HikariDataSource - HikariPool-1 - Start completed.
2023-05-01 21:24:45,873 [Test worker] INFO  org.hibernate.dialect.Dialect - HHH000400: Using dialect: org.hibernate.dialect.MySQL8Dialect
2023-05-01 21:24:46,566 [Test worker] INFO  o.h.e.t.j.p.i.JtaPlatformInitiator - HHH000490: Using JtaPlatform implementation: [org.hibernate.engine.transaction.jta.platform.internal.NoJtaPlatform]
2023-05-01 21:24:46,576 [Test worker] INFO  o.s.o.j.LocalContainerEntityManagerFactoryBean - Initialized JPA EntityManagerFactory for persistence unit 'default'
2023-05-01 21:24:47,475 [Test worker] WARN  o.s.b.a.o.j.JpaBaseConfiguration$JpaWebConfiguration - spring.jpa.open-in-view is enabled by default. Therefore, database queries may be performed during view rendering. Explicitly configure spring.jpa.open-in-view to disable this warning
2023-05-01 21:24:49,443 [Test worker] INFO  c.h.e.EmployeeappApplicationTests - Started EmployeeappApplicationTests in 7.05 seconds (JVM running for 8.403)
2023-05-01 21:24:49,712 [Test worker] INFO  o.s.b.t.c.SpringBootTestContextBootstrapper - Neither @ContextConfiguration nor @ContextHierarchy found for test class [com.hdfc.employeeapp.EmployeeServiceTest.EmployeeServiceTest], using SpringBootContextLoader
2023-05-01 21:24:49,713 [Test worker] INFO  o.s.t.c.s.AbstractContextLoader - Could not detect default resource locations for test class [com.hdfc.employeeapp.EmployeeServiceTest.EmployeeServiceTest]: no resource found for suffixes {-context.xml, Context.groovy}.
2023-05-01 21:24:49,715 [Test worker] INFO  o.s.t.c.s.AnnotationConfigContextLoaderUtils - Could not detect default configuration classes for test class [com.hdfc.employeeapp.EmployeeServiceTest.EmployeeServiceTest]: EmployeeServiceTest does not declare any static, non-private, non-final, nested classes annotated with @Configuration.
2023-05-01 21:24:49,725 [Test worker] INFO  o.s.b.t.c.SpringBootTestContextBootstrapper - Found @SpringBootConfiguration com.hdfc.employeeapp.EmployeeappApplication for test class com.hdfc.employeeapp.EmployeeServiceTest.EmployeeServiceTest
2023-05-01 21:24:49,728 [Test worker] INFO  o.s.b.t.c.SpringBootTestContextBootstrapper - Loaded default TestExecutionListener class names from location [META-INF/spring.factories]: [org.springframework.boot.test.autoconfigure.restdocs.RestDocsTestExecutionListener, org.springframework.boot.test.autoconfigure.web.client.MockRestServiceServerResetTestExecutionListener, org.springframework.boot.test.autoconfigure.web.servlet.MockMvcPrintOnlyOnFailureTestExecutionListener, org.springframework.boot.test.autoconfigure.web.servlet.WebDriverTestExecutionListener, org.springframework.boot.test.autoconfigure.webservices.client.MockWebServiceServerTestExecutionListener, org.springframework.boot.test.mock.mockito.MockitoTestExecutionListener, org.springframework.boot.test.mock.mockito.ResetMocksTestExecutionListener, org.springframework.test.context.web.ServletTestExecutionListener, org.springframework.test.context.support.DirtiesContextBeforeModesTestExecutionListener, org.springframework.test.context.event.ApplicationEventsTestExecutionListener, org.springframework.test.context.support.DependencyInjectionTestExecutionListener, org.springframework.test.context.support.DirtiesContextTestExecutionListener, org.springframework.test.context.transaction.TransactionalTestExecutionListener, org.springframework.test.context.jdbc.SqlScriptsTestExecutionListener, org.springframework.test.context.event.EventPublishingTestExecutionListener]
2023-05-01 21:24:49,729 [Test worker] INFO  o.s.b.t.c.SpringBootTestContextBootstrapper - Using TestExecutionListeners: [org.springframework.test.context.web.ServletTestExecutionListener@5a644d75, org.springframework.test.context.support.DirtiesContextBeforeModesTestExecutionListener@6347f9cc, org.springframework.test.context.event.ApplicationEventsTestExecutionListener@268f126f, org.springframework.boot.test.mock.mockito.MockitoTestExecutionListener@467e7793, org.springframework.boot.test.autoconfigure.SpringBootDependencyInjectionTestExecutionListener@3e8995cc, org.springframework.test.context.support.DirtiesContextTestExecutionListener@625c9248, org.springframework.test.context.transaction.TransactionalTestExecutionListener@3c1ef806, org.springframework.test.context.jdbc.SqlScriptsTestExecutionListener@969c2f9, org.springframework.test.context.event.EventPublishingTestExecutionListener@7bbc11ed, org.springframework.boot.test.autoconfigure.restdocs.RestDocsTestExecutionListener@7d741200, org.springframework.boot.test.autoconfigure.web.client.MockRestServiceServerResetTestExecutionListener@36e11b60, org.springframework.boot.test.autoconfigure.web.servlet.MockMvcPrintOnlyOnFailureTestExecutionListener@71d8794f, org.springframework.boot.test.autoconfigure.web.servlet.WebDriverTestExecutionListener@6af02de0, org.springframework.boot.test.autoconfigure.webservices.client.MockWebServiceServerTestExecutionListener@3749c6ac, org.springframework.boot.test.mock.mockito.ResetMocksTestExecutionListener@9cdf13e]
2023-05-01 21:24:49,737 [Test worker] INFO  c.h.e.service.EmployeeServiceImp - Getting employee by id: 3210
2023-05-01 21:24:49,816 [Test worker] INFO  c.h.e.service.EmployeeServiceImp - Employee details - Employee Id: 3210, Employee Name: Aarav Sharma, Encrypted Date of Birth: yFDCZnVUIwG0zCUH4lE7Og==
2023-05-01 21:24:49,854 [SpringApplicationShutdownHook] INFO  o.s.o.j.LocalContainerEntityManagerFactoryBean - Closing JPA EntityManagerFactory for persistence unit 'default'
2023-05-01 21:24:49,860 [SpringApplicationShutdownHook] INFO  com.zaxxer.hikari.HikariDataSource - HikariPool-1 - Shutdown initiated...
2023-05-01 21:24:49,873 [SpringApplicationShutdownHook] INFO  com.zaxxer.hikari.HikariDataSource - HikariPool-1 - Shutdown completed.
