2023-05-06 11:05:25,382 [Test worker] INFO  c.h.e.EmployeeappApplicationTests - Starting EmployeeappApplicationTests using Java 17.0.7 on Nitro5 with PID 23400 (started by londh in E:\HDFC\CapstoneProject\EmployeeManagementSystem\employeeapp)
2023-05-06 11:05:25,391 [Test worker] INFO  c.h.e.EmployeeappApplicationTests - No active profile set, falling back to 1 default profile: "default"
2023-05-06 11:05:26,833 [Test worker] INFO  o.s.d.r.c.RepositoryConfigurationDelegate - Bootstrapping Spring Data JPA repositories in DEFAULT mode.
2023-05-06 11:05:27,325 [Test worker] INFO  o.s.d.r.c.RepositoryConfigurationDelegate - Finished Spring Data repository scanning in 462 ms. Found 1 JPA repository interfaces.
2023-05-06 11:05:28,536 [Test worker] INFO  o.h.jpa.internal.util.LogHelper - HHH000204: Processing PersistenceUnitInfo [name: default]
2023-05-06 11:05:28,644 [Test worker] INFO  org.hibernate.Version - HHH000412: Hibernate ORM core version 5.6.15.Final
2023-05-06 11:05:29,422 [Test worker] INFO  o.h.annotations.common.Version - HCANN000001: Hibernate Commons Annotations {5.1.2.Final}
2023-05-06 11:05:30,045 [Test worker] INFO  com.zaxxer.hikari.HikariDataSource - HikariPool-1 - Starting...
2023-05-06 11:05:30,737 [Test worker] INFO  com.zaxxer.hikari.HikariDataSource - HikariPool-1 - Start completed.
2023-05-06 11:05:30,768 [Test worker] INFO  org.hibernate.dialect.Dialect - HHH000400: Using dialect: org.hibernate.dialect.MySQL8Dialect
2023-05-06 11:05:32,169 [Test worker] INFO  o.h.e.t.j.p.i.JtaPlatformInitiator - HHH000490: Using JtaPlatform implementation: [org.hibernate.engine.transaction.jta.platform.internal.NoJtaPlatform]
2023-05-06 11:05:32,180 [Test worker] INFO  o.s.o.j.LocalContainerEntityManagerFactoryBean - Initialized JPA EntityManagerFactory for persistence unit 'default'
2023-05-06 11:05:33,538 [Test worker] WARN  o.s.b.a.o.j.JpaBaseConfiguration$JpaWebConfiguration - spring.jpa.open-in-view is enabled by default. Therefore, database queries may be performed during view rendering. Explicitly configure spring.jpa.open-in-view to disable this warning
2023-05-06 11:05:36,408 [Test worker] INFO  c.h.e.EmployeeappApplicationTests - Started EmployeeappApplicationTests in 11.545 seconds (JVM running for 13.828)
2023-05-06 11:05:36,863 [Test worker] INFO  o.s.b.t.c.SpringBootTestContextBootstrapper - Neither @ContextConfiguration nor @ContextHierarchy found for test class [com.hdfc.employeeapp.EmployeeServiceTest.EmployeeServiceTest], using SpringBootContextLoader
2023-05-06 11:05:36,865 [Test worker] INFO  o.s.t.c.s.AbstractContextLoader - Could not detect default resource locations for test class [com.hdfc.employeeapp.EmployeeServiceTest.EmployeeServiceTest]: no resource found for suffixes {-context.xml, Context.groovy}.
2023-05-06 11:05:36,866 [Test worker] INFO  o.s.t.c.s.AnnotationConfigContextLoaderUtils - Could not detect default configuration classes for test class [com.hdfc.employeeapp.EmployeeServiceTest.EmployeeServiceTest]: EmployeeServiceTest does not declare any static, non-private, non-final, nested classes annotated with @Configuration.
2023-05-06 11:05:36,878 [Test worker] INFO  o.s.b.t.c.SpringBootTestContextBootstrapper - Found @SpringBootConfiguration com.hdfc.employeeapp.EmployeeappApplication for test class com.hdfc.employeeapp.EmployeeServiceTest.EmployeeServiceTest
2023-05-06 11:05:36,881 [Test worker] INFO  o.s.b.t.c.SpringBootTestContextBootstrapper - Loaded default TestExecutionListener class names from location [META-INF/spring.factories]: [org.springframework.boot.test.autoconfigure.restdocs.RestDocsTestExecutionListener, org.springframework.boot.test.autoconfigure.web.client.MockRestServiceServerResetTestExecutionListener, org.springframework.boot.test.autoconfigure.web.servlet.MockMvcPrintOnlyOnFailureTestExecutionListener, org.springframework.boot.test.autoconfigure.web.servlet.WebDriverTestExecutionListener, org.springframework.boot.test.autoconfigure.webservices.client.MockWebServiceServerTestExecutionListener, org.springframework.boot.test.mock.mockito.MockitoTestExecutionListener, org.springframework.boot.test.mock.mockito.ResetMocksTestExecutionListener, org.springframework.test.context.web.ServletTestExecutionListener, org.springframework.test.context.support.DirtiesContextBeforeModesTestExecutionListener, org.springframework.test.context.event.ApplicationEventsTestExecutionListener, org.springframework.test.context.support.DependencyInjectionTestExecutionListener, org.springframework.test.context.support.DirtiesContextTestExecutionListener, org.springframework.test.context.transaction.TransactionalTestExecutionListener, org.springframework.test.context.jdbc.SqlScriptsTestExecutionListener, org.springframework.test.context.event.EventPublishingTestExecutionListener]
2023-05-06 11:05:36,882 [Test worker] INFO  o.s.b.t.c.SpringBootTestContextBootstrapper - Using TestExecutionListeners: [org.springframework.test.context.web.ServletTestExecutionListener@9cdf13e, org.springframework.test.context.support.DirtiesContextBeforeModesTestExecutionListener@3bede349, org.springframework.test.context.event.ApplicationEventsTestExecutionListener@501956f9, org.springframework.boot.test.mock.mockito.MockitoTestExecutionListener@299c86f0, org.springframework.boot.test.autoconfigure.SpringBootDependencyInjectionTestExecutionListener@4fbed6fc, org.springframework.test.context.support.DirtiesContextTestExecutionListener@1b1d93e9, org.springframework.test.context.transaction.TransactionalTestExecutionListener@129b0ed, org.springframework.test.context.jdbc.SqlScriptsTestExecutionListener@4ccf1d3e, org.springframework.test.context.event.EventPublishingTestExecutionListener@75ff2b6d, org.springframework.boot.test.autoconfigure.restdocs.RestDocsTestExecutionListener@20a7ce0, org.springframework.boot.test.autoconfigure.web.client.MockRestServiceServerResetTestExecutionListener@4ee80a94, org.springframework.boot.test.autoconfigure.web.servlet.MockMvcPrintOnlyOnFailureTestExecutionListener@7afac89a, org.springframework.boot.test.autoconfigure.web.servlet.WebDriverTestExecutionListener@76d220eb, org.springframework.boot.test.autoconfigure.webservices.client.MockWebServiceServerTestExecutionListener@276eafad, org.springframework.boot.test.mock.mockito.ResetMocksTestExecutionListener@29dcad7e]
2023-05-06 11:05:36,895 [Test worker] INFO  c.h.e.service.EmployeeServiceImp - Getting employee by id: 3210
2023-05-06 11:05:37,025 [Test worker] INFO  c.h.e.service.EmployeeServiceImp - Employee details - Employee Id: 3210, Employee Name: Aarav Sharma, Encrypted Date of Birth: yFDCZnVUIwG0zCUH4lE7Og==
2023-05-06 11:05:37,080 [SpringApplicationShutdownHook] INFO  o.s.o.j.LocalContainerEntityManagerFactoryBean - Closing JPA EntityManagerFactory for persistence unit 'default'
2023-05-06 11:05:37,086 [SpringApplicationShutdownHook] INFO  com.zaxxer.hikari.HikariDataSource - HikariPool-1 - Shutdown initiated...
2023-05-06 11:05:37,128 [SpringApplicationShutdownHook] INFO  com.zaxxer.hikari.HikariDataSource - HikariPool-1 - Shutdown completed.
